000 (760345.012.000) 2023-11-13 15:07:03 Job submitted from host: <144.92.98.21:9618?addrs=144.92.98.21-9618&alias=scarcity-submit.glbrc.org&noUDP&sock=schedd_907_b47d>
...
001 (760345.012.000) 2023-11-13 15:07:03 Job executing on host: <144.92.98.73:9618?addrs=144.92.98.73-9618&alias=scarcity-4.glbrc.org&noUDP&sock=startd_1433_7f4e>
...
006 (760345.012.000) 2023-11-13 15:07:12 Image size of job updated: 99076
	94  -  MemoryUsage of job (MB)
	95632  -  ResidentSetSize of job (KB)
...
006 (760345.012.000) 2023-11-13 15:12:13 Image size of job updated: 2250712
	1420  -  MemoryUsage of job (MB)
	1453740  -  ResidentSetSize of job (KB)
...
006 (760345.012.000) 2023-11-13 15:17:13 Image size of job updated: 4659108
	2403  -  MemoryUsage of job (MB)
	2460052  -  ResidentSetSize of job (KB)
...
006 (760345.012.000) 2023-11-13 15:22:13 Image size of job updated: 4659108
	3723  -  MemoryUsage of job (MB)
	3812120  -  ResidentSetSize of job (KB)
...
006 (760345.012.000) 2023-11-13 15:27:14 Image size of job updated: 5130276
	4556  -  MemoryUsage of job (MB)
	4664436  -  ResidentSetSize of job (KB)
...
006 (760345.012.000) 2023-11-13 15:32:14 Image size of job updated: 6241276
	5555  -  MemoryUsage of job (MB)
	5687520  -  ResidentSetSize of job (KB)
...
006 (760345.012.000) 2023-11-13 15:37:14 Image size of job updated: 7800368
	6546  -  MemoryUsage of job (MB)
	6702684  -  ResidentSetSize of job (KB)
...
006 (760345.012.000) 2023-11-13 15:42:15 Image size of job updated: 8620728
	7538  -  MemoryUsage of job (MB)
	7718048  -  ResidentSetSize of job (KB)
...
006 (760345.012.000) 2023-11-13 15:47:16 Image size of job updated: 9435296
	8363  -  MemoryUsage of job (MB)
	8563272  -  ResidentSetSize of job (KB)
...
006 (760345.012.000) 2023-11-13 15:52:16 Image size of job updated: 10008604
	9281  -  MemoryUsage of job (MB)
	9502904  -  ResidentSetSize of job (KB)
...
006 (760345.012.000) 2023-11-13 15:57:17 Image size of job updated: 10292500
	9583  -  MemoryUsage of job (MB)
	9812968  -  ResidentSetSize of job (KB)
...
006 (760345.012.000) 2023-11-13 16:02:18 Image size of job updated: 11169276
	10306  -  MemoryUsage of job (MB)
	10552436  -  ResidentSetSize of job (KB)
...
006 (760345.012.000) 2023-11-13 16:07:18 Image size of job updated: 11893192
	10902  -  MemoryUsage of job (MB)
	11163436  -  ResidentSetSize of job (KB)
...
006 (760345.012.000) 2023-11-13 16:12:19 Image size of job updated: 12279548
	11537  -  MemoryUsage of job (MB)
	11813696  -  ResidentSetSize of job (KB)
...
006 (760345.012.000) 2023-11-13 16:17:20 Image size of job updated: 13188348
	12128  -  MemoryUsage of job (MB)
	12418364  -  ResidentSetSize of job (KB)
...
006 (760345.012.000) 2023-11-13 16:22:20 Image size of job updated: 13550776
	12756  -  MemoryUsage of job (MB)
	13061560  -  ResidentSetSize of job (KB)
...
006 (760345.012.000) 2023-11-13 16:27:21 Image size of job updated: 14464656
	13626  -  MemoryUsage of job (MB)
	13952864  -  ResidentSetSize of job (KB)
...
006 (760345.012.000) 2023-11-13 16:32:22 Image size of job updated: 15039100
	14229  -  MemoryUsage of job (MB)
	14569812  -  ResidentSetSize of job (KB)
...
006 (760345.012.000) 2023-11-13 16:37:22 Image size of job updated: 15956532
	15063  -  MemoryUsage of job (MB)
	15424348  -  ResidentSetSize of job (KB)
...
006 (760345.012.000) 2023-11-13 16:42:22 Image size of job updated: 16521140
	15524  -  MemoryUsage of job (MB)
	15896052  -  ResidentSetSize of job (KB)
...
006 (760345.012.000) 2023-11-13 16:47:23 Image size of job updated: 17706536
	16158  -  MemoryUsage of job (MB)
	16545408  -  ResidentSetSize of job (KB)
...
006 (760345.012.000) 2023-11-13 16:52:23 Image size of job updated: 17770780
	16879  -  MemoryUsage of job (MB)
	17283980  -  ResidentSetSize of job (KB)
...
006 (760345.012.000) 2023-11-13 16:57:23 Image size of job updated: 18709416
	17628  -  MemoryUsage of job (MB)
	18050940  -  ResidentSetSize of job (KB)
...
006 (760345.012.000) 2023-11-13 17:02:24 Image size of job updated: 19341524
	18301  -  MemoryUsage of job (MB)
	18739420  -  ResidentSetSize of job (KB)
...
006 (760345.012.000) 2023-11-13 17:07:25 Image size of job updated: 19999932
	19049  -  MemoryUsage of job (MB)
	19506160  -  ResidentSetSize of job (KB)
...
006 (760345.012.000) 2023-11-13 17:12:25 Image size of job updated: 20673632
	19735  -  MemoryUsage of job (MB)
	20207816  -  ResidentSetSize of job (KB)
...
006 (760345.012.000) 2023-11-13 17:17:26 Image size of job updated: 21519012
	20422  -  MemoryUsage of job (MB)
	20911584  -  ResidentSetSize of job (KB)
...
006 (760345.012.000) 2023-11-13 17:22:27 Image size of job updated: 22552720
	21427  -  MemoryUsage of job (MB)
	21941084  -  ResidentSetSize of job (KB)
...
006 (760345.012.000) 2023-11-13 17:27:27 Image size of job updated: 22872100
	21791  -  MemoryUsage of job (MB)
	22313968  -  ResidentSetSize of job (KB)
...
006 (760345.012.000) 2023-11-13 17:32:28 Image size of job updated: 23729136
	22465  -  MemoryUsage of job (MB)
	23003472  -  ResidentSetSize of job (KB)
...
006 (760345.012.000) 2023-11-13 17:37:29 Image size of job updated: 24187588
	23192  -  MemoryUsage of job (MB)
	23748080  -  ResidentSetSize of job (KB)
...
006 (760345.012.000) 2023-11-13 17:42:29 Image size of job updated: 25799996
	23957  -  MemoryUsage of job (MB)
	24531176  -  ResidentSetSize of job (KB)
...
006 (760345.012.000) 2023-11-13 17:47:29 Image size of job updated: 26102968
	24655  -  MemoryUsage of job (MB)
	25245744  -  ResidentSetSize of job (KB)
...
006 (760345.012.000) 2023-11-13 17:52:30 Image size of job updated: 26841368
	25643  -  MemoryUsage of job (MB)
	26257928  -  ResidentSetSize of job (KB)
...
006 (760345.012.000) 2023-11-13 17:57:30 Image size of job updated: 27129768
	25970  -  MemoryUsage of job (MB)
	26593276  -  ResidentSetSize of job (KB)
...
006 (760345.012.000) 2023-11-13 18:02:30 Image size of job updated: 28174508
	27009  -  MemoryUsage of job (MB)
	27656668  -  ResidentSetSize of job (KB)
...
006 (760345.012.000) 2023-11-13 18:07:31 Image size of job updated: 28647944
	27315  -  MemoryUsage of job (MB)
	27969700  -  ResidentSetSize of job (KB)
...
006 (760345.012.000) 2023-11-13 18:12:32 Image size of job updated: 29407992
	28245  -  MemoryUsage of job (MB)
	28922820  -  ResidentSetSize of job (KB)
...
006 (760345.012.000) 2023-11-13 18:17:32 Image size of job updated: 30172724
	28763  -  MemoryUsage of job (MB)
	29452740  -  ResidentSetSize of job (KB)
...
006 (760345.012.000) 2023-11-13 18:22:33 Image size of job updated: 30786404
	29470  -  MemoryUsage of job (MB)
	30176596  -  ResidentSetSize of job (KB)
...
006 (760345.012.000) 2023-11-13 18:27:34 Image size of job updated: 31548628
	30312  -  MemoryUsage of job (MB)
	31039408  -  ResidentSetSize of job (KB)
...
006 (760345.012.000) 2023-11-13 18:32:34 Image size of job updated: 32218260
	30922  -  MemoryUsage of job (MB)
	31663628  -  ResidentSetSize of job (KB)
...
006 (760345.012.000) 2023-11-13 18:37:35 Image size of job updated: 33055604
	31404  -  MemoryUsage of job (MB)
	32157344  -  ResidentSetSize of job (KB)
...
006 (760345.012.000) 2023-11-13 18:42:36 Image size of job updated: 33423728
	32010  -  MemoryUsage of job (MB)
	32778156  -  ResidentSetSize of job (KB)
...
006 (760345.012.000) 2023-11-13 18:47:36 Image size of job updated: 34201784
	32733  -  MemoryUsage of job (MB)
	33518336  -  ResidentSetSize of job (KB)
...
006 (760345.012.000) 2023-11-13 18:52:37 Image size of job updated: 35379640
	33444  -  MemoryUsage of job (MB)
	34245736  -  ResidentSetSize of job (KB)
...
006 (760345.012.000) 2023-11-13 18:57:38 Image size of job updated: 35379640
	34018  -  MemoryUsage of job (MB)
	34833900  -  ResidentSetSize of job (KB)
...
006 (760345.012.000) 2023-11-13 19:02:38 Image size of job updated: 36113848
	34886  -  MemoryUsage of job (MB)
	35722988  -  ResidentSetSize of job (KB)
...
006 (760345.012.000) 2023-11-13 19:07:39 Image size of job updated: 37001824
	35375  -  MemoryUsage of job (MB)
	36223524  -  ResidentSetSize of job (KB)
...
006 (760345.012.000) 2023-11-13 19:12:40 Image size of job updated: 37411828
	35838  -  MemoryUsage of job (MB)
	36698104  -  ResidentSetSize of job (KB)
...
006 (760345.012.000) 2023-11-13 19:17:40 Image size of job updated: 37411828
	35849  -  MemoryUsage of job (MB)
	36708656  -  ResidentSetSize of job (KB)
...
006 (760345.012.000) 2023-11-13 19:22:40 Image size of job updated: 37411828
	35849  -  MemoryUsage of job (MB)
	36709352  -  ResidentSetSize of job (KB)
...
006 (760345.012.000) 2023-11-13 19:27:41 Image size of job updated: 37411828
	35912  -  MemoryUsage of job (MB)
	36773572  -  ResidentSetSize of job (KB)
...
006 (760345.012.000) 2023-11-13 19:32:41 Image size of job updated: 37411828
	35913  -  MemoryUsage of job (MB)
	36774040  -  ResidentSetSize of job (KB)
...
006 (760345.012.000) 2023-11-13 19:37:41 Image size of job updated: 37427612
	35913  -  MemoryUsage of job (MB)
	36774040  -  ResidentSetSize of job (KB)
...
006 (760345.012.000) 2023-11-13 19:52:42 Image size of job updated: 37428688
	35913  -  MemoryUsage of job (MB)
	36774040  -  ResidentSetSize of job (KB)
...
006 (760345.012.000) 2023-11-13 19:57:04 Image size of job updated: 37550992
	35913  -  MemoryUsage of job (MB)
	36774040  -  ResidentSetSize of job (KB)
...
005 (760345.012.000) 2023-11-13 19:57:04 Job terminated.
	(1) Normal termination (return value 0)
		Usr 0 04:14:06, Sys 0 00:15:03  -  Run Remote Usage
		Usr 0 00:00:00, Sys 0 00:00:00  -  Run Local Usage
		Usr 0 04:14:06, Sys 0 00:15:03  -  Total Remote Usage
		Usr 0 00:00:00, Sys 0 00:00:00  -  Total Local Usage
	0  -  Run Bytes Sent By Job
	0  -  Run Bytes Received By Job
	0  -  Total Bytes Sent By Job
	0  -  Total Bytes Received By Job
	Partitionable Resources :    Usage  Request Allocated 
	   Cpus                 :     0.94        2         2 
	   Disk (KB)            :     1           1    222688 
	   GPUs                 :                           0 
	   Memory (MB)          : 35913       65536     65536 

	Job terminated of its own accord at 2023-11-14T01:57:04Z.
...
