000 (760345.005.000) 2023-11-13 15:07:03 Job submitted from host: <144.92.98.21:9618?addrs=144.92.98.21-9618&alias=scarcity-submit.glbrc.org&noUDP&sock=schedd_907_b47d>
...
001 (760345.005.000) 2023-11-13 15:07:03 Job executing on host: <144.92.98.73:9618?addrs=144.92.98.73-9618&alias=scarcity-4.glbrc.org&noUDP&sock=startd_1433_7f4e>
...
006 (760345.005.000) 2023-11-13 15:07:12 Image size of job updated: 126112
	76  -  MemoryUsage of job (MB)
	77128  -  ResidentSetSize of job (KB)
...
006 (760345.005.000) 2023-11-13 15:12:13 Image size of job updated: 1181404
	719  -  MemoryUsage of job (MB)
	735740  -  ResidentSetSize of job (KB)
...
006 (760345.005.000) 2023-11-13 15:13:27 Image size of job updated: 1340960
	719  -  MemoryUsage of job (MB)
	735788  -  ResidentSetSize of job (KB)
...
005 (760345.005.000) 2023-11-13 15:13:27 Job terminated.
	(1) Normal termination (return value 0)
		Usr 0 00:00:38, Sys 0 00:00:21  -  Run Remote Usage
		Usr 0 00:00:00, Sys 0 00:00:00  -  Run Local Usage
		Usr 0 00:00:38, Sys 0 00:00:21  -  Total Remote Usage
		Usr 0 00:00:00, Sys 0 00:00:00  -  Total Local Usage
	0  -  Run Bytes Sent By Job
	0  -  Run Bytes Received By Job
	0  -  Total Bytes Sent By Job
	0  -  Total Bytes Received By Job
	Partitionable Resources :    Usage  Request Allocated 
	   Cpus                 :     0.14        2         2 
	   Disk (KB)            :     1           1    222688 
	   GPUs                 :                           0 
	   Memory (MB)          :   719       65536     65536 

	Job terminated of its own accord at 2023-11-13T21:13:27Z.
...
