000 (760680.000.000) 2023-11-14 12:39:06 Job submitted from host: <144.92.98.21:9618?addrs=144.92.98.21-9618&alias=scarcity-submit.glbrc.org&noUDP&sock=schedd_907_b47d>
...
001 (760680.000.000) 2023-11-14 12:39:14 Job executing on host: <144.92.98.71:9618?addrs=144.92.98.71-9618&alias=scarcity-2.glbrc.org&noUDP&sock=startd_1449_78d1>
...
006 (760680.000.000) 2023-11-14 12:39:23 Image size of job updated: 7576
	4  -  MemoryUsage of job (MB)
	3180  -  ResidentSetSize of job (KB)
...
006 (760680.000.000) 2023-11-14 12:39:44 Image size of job updated: 740232
	4  -  MemoryUsage of job (MB)
	3180  -  ResidentSetSize of job (KB)
...
005 (760680.000.000) 2023-11-14 12:39:44 Job terminated.
	(1) Normal termination (return value 126)
		Usr 0 00:00:02, Sys 0 00:00:01  -  Run Remote Usage
		Usr 0 00:00:00, Sys 0 00:00:00  -  Run Local Usage
		Usr 0 00:00:02, Sys 0 00:00:01  -  Total Remote Usage
		Usr 0 00:00:00, Sys 0 00:00:00  -  Total Local Usage
	0  -  Run Bytes Sent By Job
	0  -  Run Bytes Received By Job
	0  -  Total Bytes Sent By Job
	0  -  Total Bytes Received By Job
	Partitionable Resources :    Usage  Request Allocated 
	   Cpus                 :                 2         2 
	   Disk (KB)            :        1        1    222624 
	   GPUs                 :                           0 
	   Memory (MB)          :        4    65536     65536 

	Job terminated of its own accord at 2023-11-14T18:39:44Z.
...
