000 (760680.002.000) 2023-11-14 12:39:06 Job submitted from host: <144.92.98.21:9618?addrs=144.92.98.21-9618&alias=scarcity-submit.glbrc.org&noUDP&sock=schedd_907_b47d>
...
001 (760680.002.000) 2023-11-14 12:39:14 Job executing on host: <144.92.98.72:9618?addrs=144.92.98.72-9618&alias=scarcity-3.glbrc.org&noUDP&sock=startd_1441_fc0f>
...
006 (760680.002.000) 2023-11-14 12:39:23 Image size of job updated: 7540
	4  -  MemoryUsage of job (MB)
	3164  -  ResidentSetSize of job (KB)
...
006 (760680.002.000) 2023-11-14 12:39:46 Image size of job updated: 714840
	4  -  MemoryUsage of job (MB)
	3168  -  ResidentSetSize of job (KB)
...
005 (760680.002.000) 2023-11-14 12:39:46 Job terminated.
	(1) Normal termination (return value 126)
		Usr 0 00:00:03, Sys 0 00:00:01  -  Run Remote Usage
		Usr 0 00:00:00, Sys 0 00:00:00  -  Run Local Usage
		Usr 0 00:00:03, Sys 0 00:00:01  -  Total Remote Usage
		Usr 0 00:00:00, Sys 0 00:00:00  -  Total Local Usage
	0  -  Run Bytes Sent By Job
	0  -  Run Bytes Received By Job
	0  -  Total Bytes Sent By Job
	0  -  Total Bytes Received By Job
	Partitionable Resources :    Usage  Request Allocated 
	   Cpus                 :                 2         2 
	   Disk (KB)            :        1        1    222662 
	   GPUs                 :                           0 
	   Memory (MB)          :        4    65536     65536 

	Job terminated of its own accord at 2023-11-14T18:39:46Z.
...
