000 (760345.013.000) 2023-11-13 15:07:03 Job submitted from host: <144.92.98.21:9618?addrs=144.92.98.21-9618&alias=scarcity-submit.glbrc.org&noUDP&sock=schedd_907_b47d>
...
001 (760345.013.000) 2023-11-13 15:07:03 Job executing on host: <144.92.98.177:9618?addrs=144.92.98.177-9618&alias=scarcity-5.glbrc.org&noUDP&sock=startd_1393_0f84>
...
006 (760345.013.000) 2023-11-13 15:07:13 Image size of job updated: 518404
	79  -  MemoryUsage of job (MB)
	80428  -  ResidentSetSize of job (KB)
...
006 (760345.013.000) 2023-11-13 15:12:13 Image size of job updated: 1028932
	552  -  MemoryUsage of job (MB)
	564400  -  ResidentSetSize of job (KB)
...
006 (760345.013.000) 2023-11-13 15:17:13 Image size of job updated: 1503648
	1014  -  MemoryUsage of job (MB)
	1037912  -  ResidentSetSize of job (KB)
...
006 (760345.013.000) 2023-11-13 15:22:14 Image size of job updated: 1956984
	1460  -  MemoryUsage of job (MB)
	1494304  -  ResidentSetSize of job (KB)
...
006 (760345.013.000) 2023-11-13 15:24:55 Image size of job updated: 2081956
	1460  -  MemoryUsage of job (MB)
	1494316  -  ResidentSetSize of job (KB)
...
005 (760345.013.000) 2023-11-13 15:24:56 Job terminated.
	(1) Normal termination (return value 0)
		Usr 0 00:08:06, Sys 0 00:01:02  -  Run Remote Usage
		Usr 0 00:00:00, Sys 0 00:00:00  -  Run Local Usage
		Usr 0 00:08:06, Sys 0 00:01:02  -  Total Remote Usage
		Usr 0 00:00:00, Sys 0 00:00:00  -  Total Local Usage
	0  -  Run Bytes Sent By Job
	0  -  Run Bytes Received By Job
	0  -  Total Bytes Sent By Job
	0  -  Total Bytes Received By Job
	Partitionable Resources :    Usage  Request Allocated 
	   Cpus                 :     0.46        2         2 
	   Disk (KB)            :     1           1    213139 
	   GPUs                 :                           0 
	   Memory (MB)          :  1460       65536     65536 

	Job terminated of its own accord at 2023-11-13T21:24:55Z.
...
