000 (760345.001.000) 2023-11-13 15:07:03 Job submitted from host: <144.92.98.21:9618?addrs=144.92.98.21-9618&alias=scarcity-submit.glbrc.org&noUDP&sock=schedd_907_b47d>
...
001 (760345.001.000) 2023-11-13 15:07:03 Job executing on host: <144.92.98.71:9618?addrs=144.92.98.71-9618&alias=scarcity-2.glbrc.org&noUDP&sock=startd_1449_78d1>
...
006 (760345.001.000) 2023-11-13 15:07:12 Image size of job updated: 405548
	85  -  MemoryUsage of job (MB)
	86812  -  ResidentSetSize of job (KB)
...
006 (760345.001.000) 2023-11-13 15:12:13 Image size of job updated: 1418916
	948  -  MemoryUsage of job (MB)
	970032  -  ResidentSetSize of job (KB)
...
006 (760345.001.000) 2023-11-13 15:16:53 Image size of job updated: 2077568
	948  -  MemoryUsage of job (MB)
	970072  -  ResidentSetSize of job (KB)
...
005 (760345.001.000) 2023-11-13 15:16:53 Job terminated.
	(1) Normal termination (return value 0)
		Usr 0 00:03:49, Sys 0 00:00:30  -  Run Remote Usage
		Usr 0 00:00:00, Sys 0 00:00:00  -  Run Local Usage
		Usr 0 00:03:49, Sys 0 00:00:30  -  Total Remote Usage
		Usr 0 00:00:00, Sys 0 00:00:00  -  Total Local Usage
	0  -  Run Bytes Sent By Job
	0  -  Run Bytes Received By Job
	0  -  Total Bytes Sent By Job
	0  -  Total Bytes Received By Job
	Partitionable Resources :    Usage  Request Allocated 
	   Cpus                 :     0.40        2         2 
	   Disk (KB)            :     1           1    222624 
	   GPUs                 :                           0 
	   Memory (MB)          :   948       65536     65536 

	Job terminated of its own accord at 2023-11-13T21:16:53Z.
...
