000 (760268.002.000) 2023-11-13 11:15:10 Job submitted from host: <144.92.98.21:9618?addrs=144.92.98.21-9618&alias=scarcity-submit.glbrc.org&noUDP&sock=schedd_907_b47d>
...
001 (760268.002.000) 2023-11-13 11:15:11 Job executing on host: <144.92.98.70:9618?addrs=144.92.98.70-9618&alias=scarcity-1.glbrc.org&noUDP&sock=startd_1429_c0ed>
...
006 (760268.002.000) 2023-11-13 11:15:19 Image size of job updated: 252236
	16  -  MemoryUsage of job (MB)
	15788  -  ResidentSetSize of job (KB)
...
006 (760268.002.000) 2023-11-13 11:15:20 Image size of job updated: 313156
	16  -  MemoryUsage of job (MB)
	15872  -  ResidentSetSize of job (KB)
...
004 (760268.002.000) 2023-11-13 11:15:21 Job was evicted.
	(0) CPU times
		Usr 0 00:00:02, Sys 0 00:00:02  -  Run Remote Usage
		Usr 0 00:00:00, Sys 0 00:00:00  -  Run Local Usage
	0  -  Run Bytes Sent By Job
	0  -  Run Bytes Received By Job
	Partitionable Resources :    Usage  Request Allocated 
	   Cpus                 :                 2         2 
	   Disk (KB)            :        1        1    169562 
	   GPUs                 :                           0 
	   Memory (MB)          :       16    65536     65536 
...
009 (760268.002.000) 2023-11-13 11:15:21 Job was aborted.
	via condor_rm (by user millican)
...
