000 (760345.004.000) 2023-11-13 15:07:03 Job submitted from host: <144.92.98.21:9618?addrs=144.92.98.21-9618&alias=scarcity-submit.glbrc.org&noUDP&sock=schedd_907_b47d>
...
001 (760345.004.000) 2023-11-13 15:07:03 Job executing on host: <144.92.98.74:9618?addrs=144.92.98.74-9618&alias=scarcity-11.glbrc.org&noUDP&sock=startd_1650_575b>
...
006 (760345.004.000) 2023-11-13 15:07:12 Image size of job updated: 68700
	61  -  MemoryUsage of job (MB)
	62428  -  ResidentSetSize of job (KB)
...
006 (760345.004.000) 2023-11-13 15:12:13 Image size of job updated: 1606744
	1137  -  MemoryUsage of job (MB)
	1164184  -  ResidentSetSize of job (KB)
...
006 (760345.004.000) 2023-11-13 15:15:05 Image size of job updated: 1998244
	1137  -  MemoryUsage of job (MB)
	1164184  -  ResidentSetSize of job (KB)
...
005 (760345.004.000) 2023-11-13 15:15:05 Job terminated.
	(1) Normal termination (return value 0)
		Usr 0 00:07:12, Sys 0 00:00:09  -  Run Remote Usage
		Usr 0 00:00:00, Sys 0 00:00:00  -  Run Local Usage
		Usr 0 00:07:12, Sys 0 00:00:09  -  Total Remote Usage
		Usr 0 00:00:00, Sys 0 00:00:00  -  Total Local Usage
	0  -  Run Bytes Sent By Job
	0  -  Run Bytes Received By Job
	0  -  Total Bytes Sent By Job
	0  -  Total Bytes Received By Job
	Partitionable Resources :    Usage  Request Allocated 
	   Cpus                 :     0.94        2         2 
	   Disk (KB)            :     1           1    181512 
	   GPUs                 :                           0 
	   Memory (MB)          :  1137       65536     65536 

	Job terminated of its own accord at 2023-11-13T21:15:05Z.
...
