000 (760345.011.000) 2023-11-13 15:07:03 Job submitted from host: <144.92.98.21:9618?addrs=144.92.98.21-9618&alias=scarcity-submit.glbrc.org&noUDP&sock=schedd_907_b47d>
...
001 (760345.011.000) 2023-11-13 15:07:03 Job executing on host: <144.92.98.74:9618?addrs=144.92.98.74-9618&alias=scarcity-11.glbrc.org&noUDP&sock=startd_1650_575b>
...
006 (760345.011.000) 2023-11-13 15:07:12 Image size of job updated: 90544
	75  -  MemoryUsage of job (MB)
	76608  -  ResidentSetSize of job (KB)
...
006 (760345.011.000) 2023-11-13 15:12:12 Image size of job updated: 1295360
	833  -  MemoryUsage of job (MB)
	852140  -  ResidentSetSize of job (KB)
...
006 (760345.011.000) 2023-11-13 15:12:31 Image size of job updated: 1329388
	833  -  MemoryUsage of job (MB)
	852172  -  ResidentSetSize of job (KB)
...
005 (760345.011.000) 2023-11-13 15:12:31 Job terminated.
	(1) Normal termination (return value 0)
		Usr 0 00:00:39, Sys 0 00:00:22  -  Run Remote Usage
		Usr 0 00:00:00, Sys 0 00:00:00  -  Run Local Usage
		Usr 0 00:00:39, Sys 0 00:00:22  -  Total Remote Usage
		Usr 0 00:00:00, Sys 0 00:00:00  -  Total Local Usage
	0  -  Run Bytes Sent By Job
	0  -  Run Bytes Received By Job
	0  -  Total Bytes Sent By Job
	0  -  Total Bytes Received By Job
	Partitionable Resources :    Usage  Request Allocated 
	   Cpus                 :     0.16        2         2 
	   Disk (KB)            :     1           1    181512 
	   GPUs                 :                           0 
	   Memory (MB)          :   833       65536     65536 

	Job terminated of its own accord at 2023-11-13T21:12:31Z.
...
