000 (760345.007.000) 2023-11-13 15:07:03 Job submitted from host: <144.92.98.21:9618?addrs=144.92.98.21-9618&alias=scarcity-submit.glbrc.org&noUDP&sock=schedd_907_b47d>
...
001 (760345.007.000) 2023-11-13 15:07:03 Job executing on host: <144.92.98.47:9618?addrs=144.92.98.47-9618&alias=scarcity-10.glbrc.org&noUDP&sock=startd_1521_dba3>
...
006 (760345.007.000) 2023-11-13 15:07:12 Image size of job updated: 531660
	85  -  MemoryUsage of job (MB)
	86816  -  ResidentSetSize of job (KB)
...
006 (760345.007.000) 2023-11-13 15:12:13 Image size of job updated: 1305284
	859  -  MemoryUsage of job (MB)
	879048  -  ResidentSetSize of job (KB)
...
006 (760345.007.000) 2023-11-13 15:17:13 Image size of job updated: 2061452
	1571  -  MemoryUsage of job (MB)
	1608216  -  ResidentSetSize of job (KB)
...
006 (760345.007.000) 2023-11-13 15:17:32 Image size of job updated: 2084240
	1571  -  MemoryUsage of job (MB)
	1608220  -  ResidentSetSize of job (KB)
...
005 (760345.007.000) 2023-11-13 15:17:32 Job terminated.
	(1) Normal termination (return value 0)
		Usr 0 00:03:33, Sys 0 00:00:33  -  Run Remote Usage
		Usr 0 00:00:00, Sys 0 00:00:00  -  Run Local Usage
		Usr 0 00:03:33, Sys 0 00:00:33  -  Total Remote Usage
		Usr 0 00:00:00, Sys 0 00:00:00  -  Total Local Usage
	0  -  Run Bytes Sent By Job
	0  -  Run Bytes Received By Job
	0  -  Total Bytes Sent By Job
	0  -  Total Bytes Received By Job
	Partitionable Resources :    Usage  Request Allocated 
	   Cpus                 :     0.48        2         2 
	   Disk (KB)            :     1           1    375058 
	   GPUs                 :                           0 
	   Memory (MB)          :  1571       65536     65536 

	Job terminated of its own accord at 2023-11-13T21:17:32Z.
...
